1674807882038	geckodriver	INFO	Listening on 127.0.0.1:36407
1674807882091	mozrunner::runner	INFO	Running command: "/usr/bin/firefox" "--marionette" "-headless" "--remote-debugging-port" "48919" "-no-remote" "-profile" "/tmp/rust_mozprofilebzXBHx"
*** You are running in headless mode.
[GFX1-]: glxtest: VA-API test failed: failed to initialise VAAPI connection.
1674807882312	Marionette	INFO	Marionette enabled
1674807882314	Marionette	INFO	Listening on port 38977
WebDriver BiDi listening on ws://127.0.0.1:48919
1674807882464	RemoteAgent	WARN	TLS certificate errors will be ignored for this session
[GFX1-]: RenderCompositorSWGL failed mapping default framebuffer, no dt
console.warn: SearchSettings: "get: No settings file exists, new profile?" (new NotFoundError("Could not open the file at /tmp/rust_mozprofilebzXBHx/search.json.mozlz4", (void 0)))
DevTools listening on ws://127.0.0.1:48919/devtools/browser/1798d932-b912-4bc2-9e5d-e456695ccca7
JavaScript warning: https://stars.bilkent.edu.tr/homepage/js/dhtml-suite/js/separateFiles/dhtmlSuite-paneSplitter.js, line 54: unreachable code after return statement
JavaScript warning: https://stars.bilkent.edu.tr/homepage/js/dhtml-suite/js/separateFiles/dhtmlSuite-paneSplitter.js, line 54: unreachable code after return statement
JavaScript warning: https://stars.bilkent.edu.tr/homepage/js/dhtml-suite/js/separateFiles/dhtmlSuite-paneSplitter.js, line 54: unreachable code after return statement
JavaScript warning: https://stars.bilkent.edu.tr/homepage/js/dhtml-suite/js/separateFiles/dhtmlSuite-paneSplitter.js, line 54: unreachable code after return statement
JavaScript warning: https://stars.bilkent.edu.tr/homepage/js/dhtml-suite/js/separateFiles/dhtmlSuite-paneSplitter.js, line 54: unreachable code after return statement
JavaScript warning: https://stars.bilkent.edu.tr/homepage/js/dhtml-suite/js/separateFiles/dhtmlSuite-paneSplitter.js, line 54: unreachable code after return statement
JavaScript warning: https://stars.bilkent.edu.tr/homepage/js/dhtml-suite/js/separateFiles/dhtmlSuite-paneSplitter.js, line 54: unreachable code after return statement
JavaScript warning: https://stars.bilkent.edu.tr/homepage/js/dhtml-suite/js/separateFiles/dhtmlSuite-paneSplitter.js, line 54: unreachable code after return statement
JavaScript warning: https://stars.bilkent.edu.tr/homepage/js/dhtml-suite/js/separateFiles/dhtmlSuite-paneSplitter.js, line 54: unreachable code after return statement
JavaScript warning: https://stars.bilkent.edu.tr/homepage/js/dhtml-suite/js/separateFiles/dhtmlSuite-paneSplitter.js, line 54: unreachable code after return statement
JavaScript warning: https://stars.bilkent.edu.tr/homepage/js/dhtml-suite/js/separateFiles/dhtmlSuite-paneSplitter.js, line 54: unreachable code after return statement
JavaScript warning: https://stars.bilkent.edu.tr/homepage/js/dhtml-suite/js/separateFiles/dhtmlSuite-paneSplitter.js, line 54: unreachable code after return statement
JavaScript warning: https://stars.bilkent.edu.tr/homepage/js/dhtml-suite/js/separateFiles/dhtmlSuite-paneSplitter.js, line 54: unreachable code after return statement
JavaScript warning: https://stars.bilkent.edu.tr/homepage/js/dhtml-suite/js/separateFiles/dhtmlSuite-paneSplitter.js, line 54: unreachable code after return statement
JavaScript warning: https://stars.bilkent.edu.tr/homepage/js/dhtml-suite/js/separateFiles/dhtmlSuite-paneSplitter.js, line 54: unreachable code after return statement
JavaScript warning: https://stars.bilkent.edu.tr/homepage/js/dhtml-suite/js/separateFiles/dhtmlSuite-paneSplitter.js, line 54: unreachable code after return statement
JavaScript warning: https://stars.bilkent.edu.tr/homepage/js/dhtml-suite/js/separateFiles/dhtmlSuite-paneSplitter.js, line 54: unreachable code after return statement
JavaScript warning: https://stars.bilkent.edu.tr/homepage/js/dhtml-suite/js/separateFiles/dhtmlSuite-paneSplitter.js, line 54: unreachable code after return statement
JavaScript warning: https://stars.bilkent.edu.tr/homepage/js/dhtml-suite/js/separateFiles/dhtmlSuite-paneSplitter.js, line 54: unreachable code after return statement
JavaScript warning: https://stars.bilkent.edu.tr/homepage/js/dhtml-suite/js/separateFiles/dhtmlSuite-paneSplitter.js, line 54: unreachable code after return statement
JavaScript warning: https://stars.bilkent.edu.tr/homepage/js/dhtml-suite/js/separateFiles/dhtmlSuite-paneSplitter.js, line 54: unreachable code after return statement
JavaScript warning: https://stars.bilkent.edu.tr/homepage/js/dhtml-suite/js/separateFiles/dhtmlSuite-paneSplitter.js, line 54: unreachable code after return statement
JavaScript warning: https://stars.bilkent.edu.tr/homepage/js/dhtml-suite/js/separateFiles/dhtmlSuite-paneSplitter.js, line 54: unreachable code after return statement
JavaScript warning: https://stars.bilkent.edu.tr/homepage/js/dhtml-suite/js/separateFiles/dhtmlSuite-paneSplitter.js, line 54: unreachable code after return statement
JavaScript warning: https://stars.bilkent.edu.tr/homepage/js/dhtml-suite/js/separateFiles/dhtmlSuite-paneSplitter.js, line 54: unreachable code after return statement
JavaScript warning: https://stars.bilkent.edu.tr/homepage/js/dhtml-suite/js/separateFiles/dhtmlSuite-paneSplitter.js, line 54: unreachable code after return statement
JavaScript warning: https://stars.bilkent.edu.tr/homepage/js/dhtml-suite/js/separateFiles/dhtmlSuite-paneSplitter.js, line 54: unreachable code after return statement
JavaScript warning: https://stars.bilkent.edu.tr/homepage/js/dhtml-suite/js/separateFiles/dhtmlSuite-paneSplitter.js, line 54: unreachable code after return statement
JavaScript warning: https://stars.bilkent.edu.tr/homepage/js/dhtml-suite/js/separateFiles/dhtmlSuite-paneSplitter.js, line 54: unreachable code after return statement
JavaScript warning: https://stars.bilkent.edu.tr/homepage/js/dhtml-suite/js/separateFiles/dhtmlSuite-paneSplitter.js, line 54: unreachable code after return statement
JavaScript warning: https://stars.bilkent.edu.tr/homepage/js/dhtml-suite/js/separateFiles/dhtmlSuite-paneSplitter.js, line 54: unreachable code after return statement
JavaScript warning: https://stars.bilkent.edu.tr/homepage/js/dhtml-suite/js/separateFiles/dhtmlSuite-paneSplitter.js, line 54: unreachable code after return statement
JavaScript warning: https://stars.bilkent.edu.tr/homepage/js/dhtml-suite/js/separateFiles/dhtmlSuite-paneSplitter.js, line 54: unreachable code after return statement
JavaScript warning: https://stars.bilkent.edu.tr/homepage/js/dhtml-suite/js/separateFiles/dhtmlSuite-paneSplitter.js, line 54: unreachable code after return statement
JavaScript warning: https://stars.bilkent.edu.tr/homepage/js/dhtml-suite/js/separateFiles/dhtmlSuite-paneSplitter.js, line 54: unreachable code after return statement
JavaScript warning: https://stars.bilkent.edu.tr/homepage/js/dhtml-suite/js/separateFiles/dhtmlSuite-paneSplitter.js, line 54: unreachable code after return statement
JavaScript warning: https://stars.bilkent.edu.tr/homepage/js/dhtml-suite/js/separateFiles/dhtmlSuite-paneSplitter.js, line 54: unreachable code after return statement
JavaScript warning: https://stars.bilkent.edu.tr/homepage/js/dhtml-suite/js/separateFiles/dhtmlSuite-paneSplitter.js, line 54: unreachable code after return statement
JavaScript warning: https://stars.bilkent.edu.tr/homepage/js/dhtml-suite/js/separateFiles/dhtmlSuite-paneSplitter.js, line 54: unreachable code after return statement
JavaScript warning: https://stars.bilkent.edu.tr/homepage/js/dhtml-suite/js/separateFiles/dhtmlSuite-paneSplitter.js, line 54: unreachable code after return statement
JavaScript warning: https://stars.bilkent.edu.tr/homepage/js/dhtml-suite/js/separateFiles/dhtmlSuite-paneSplitter.js, line 54: unreachable code after return statement
JavaScript warning: https://stars.bilkent.edu.tr/homepage/js/dhtml-suite/js/separateFiles/dhtmlSuite-paneSplitter.js, line 54: unreachable code after return statement
JavaScript warning: https://stars.bilkent.edu.tr/homepage/js/dhtml-suite/js/separateFiles/dhtmlSuite-paneSplitter.js, line 54: unreachable code after return statement
JavaScript warning: https://stars.bilkent.edu.tr/homepage/js/dhtml-suite/js/separateFiles/dhtmlSuite-paneSplitter.js, line 54: unreachable code after return statement
JavaScript warning: https://stars.bilkent.edu.tr/homepage/js/dhtml-suite/js/separateFiles/dhtmlSuite-paneSplitter.js, line 54: unreachable code after return statement
JavaScript warning: https://stars.bilkent.edu.tr/homepage/js/dhtml-suite/js/separateFiles/dhtmlSuite-paneSplitter.js, line 54: unreachable code after return statement
JavaScript warning: https://stars.bilkent.edu.tr/homepage/js/dhtml-suite/js/separateFiles/dhtmlSuite-paneSplitter.js, line 54: unreachable code after return statement
JavaScript warning: https://stars.bilkent.edu.tr/homepage/js/dhtml-suite/js/separateFiles/dhtmlSuite-paneSplitter.js, line 54: unreachable code after return statement
JavaScript warning: https://stars.bilkent.edu.tr/homepage/js/dhtml-suite/js/separateFiles/dhtmlSuite-paneSplitter.js, line 54: unreachable code after return statement
JavaScript warning: https://stars.bilkent.edu.tr/homepage/js/dhtml-suite/js/separateFiles/dhtmlSuite-paneSplitter.js, line 54: unreachable code after return statement
JavaScript warning: https://stars.bilkent.edu.tr/homepage/js/dhtml-suite/js/separateFiles/dhtmlSuite-paneSplitter.js, line 54: unreachable code after return statement
JavaScript warning: https://stars.bilkent.edu.tr/homepage/js/dhtml-suite/js/separateFiles/dhtmlSuite-paneSplitter.js, line 54: unreachable code after return statement
JavaScript warning: https://stars.bilkent.edu.tr/homepage/js/dhtml-suite/js/separateFiles/dhtmlSuite-paneSplitter.js, line 54: unreachable code after return statement
JavaScript warning: https://stars.bilkent.edu.tr/homepage/js/dhtml-suite/js/separateFiles/dhtmlSuite-paneSplitter.js, line 54: unreachable code after return statement
JavaScript warning: https://stars.bilkent.edu.tr/homepage/js/dhtml-suite/js/separateFiles/dhtmlSuite-paneSplitter.js, line 54: unreachable code after return statement
JavaScript warning: https://stars.bilkent.edu.tr/homepage/js/dhtml-suite/js/separateFiles/dhtmlSuite-paneSplitter.js, line 54: unreachable code after return statement
JavaScript warning: https://stars.bilkent.edu.tr/homepage/js/dhtml-suite/js/separateFiles/dhtmlSuite-paneSplitter.js, line 54: unreachable code after return statement
JavaScript warning: https://stars.bilkent.edu.tr/homepage/js/dhtml-suite/js/separateFiles/dhtmlSuite-paneSplitter.js, line 54: unreachable code after return statement
JavaScript warning: https://stars.bilkent.edu.tr/homepage/js/dhtml-suite/js/separateFiles/dhtmlSuite-paneSplitter.js, line 54: unreachable code after return statement
JavaScript warning: https://stars.bilkent.edu.tr/homepage/js/dhtml-suite/js/separateFiles/dhtmlSuite-paneSplitter.js, line 54: unreachable code after return statement
JavaScript warning: https://stars.bilkent.edu.tr/homepage/js/dhtml-suite/js/separateFiles/dhtmlSuite-paneSplitter.js, line 54: unreachable code after return statement
JavaScript warning: https://stars.bilkent.edu.tr/homepage/js/dhtml-suite/js/separateFiles/dhtmlSuite-paneSplitter.js, line 54: unreachable code after return statement
JavaScript warning: https://stars.bilkent.edu.tr/homepage/js/dhtml-suite/js/separateFiles/dhtmlSuite-paneSplitter.js, line 54: unreachable code after return statement
JavaScript warning: https://stars.bilkent.edu.tr/homepage/js/dhtml-suite/js/separateFiles/dhtmlSuite-paneSplitter.js, line 54: unreachable code after return statement
JavaScript warning: https://stars.bilkent.edu.tr/homepage/js/dhtml-suite/js/separateFiles/dhtmlSuite-paneSplitter.js, line 54: unreachable code after return statement
JavaScript warning: https://stars.bilkent.edu.tr/homepage/js/dhtml-suite/js/separateFiles/dhtmlSuite-paneSplitter.js, line 54: unreachable code after return statement
JavaScript warning: https://stars.bilkent.edu.tr/homepage/js/dhtml-suite/js/separateFiles/dhtmlSuite-paneSplitter.js, line 54: unreachable code after return statement
JavaScript warning: https://stars.bilkent.edu.tr/homepage/js/dhtml-suite/js/separateFiles/dhtmlSuite-paneSplitter.js, line 54: unreachable code after return statement
JavaScript warning: https://stars.bilkent.edu.tr/homepage/js/dhtml-suite/js/separateFiles/dhtmlSuite-paneSplitter.js, line 54: unreachable code after return statement
JavaScript warning: https://stars.bilkent.edu.tr/homepage/js/dhtml-suite/js/separateFiles/dhtmlSuite-paneSplitter.js, line 54: unreachable code after return statement
Exiting due to channel error.
Exiting due to channel error.
Exiting due to channel error.
1674904896245	geckodriver	INFO	Listening on 127.0.0.1:44437
1674904896300	mozrunner::runner	INFO	Running command: "/usr/bin/firefox" "--marionette" "-headless" "--remote-debugging-port" "45781" "-no-remote" "-profile" "/tmp/rust_mozprofile3qCzCe"
*** You are running in headless mode.
[GFX1-]: glxtest: VA-API test failed: failed to initialise VAAPI connection.
1674904896520	Marionette	INFO	Marionette enabled
1674904896522	Marionette	INFO	Listening on port 42511
WebDriver BiDi listening on ws://127.0.0.1:45781
1674904896669	RemoteAgent	WARN	TLS certificate errors will be ignored for this session
[GFX1-]: RenderCompositorSWGL failed mapping default framebuffer, no dt
console.warn: SearchSettings: "get: No settings file exists, new profile?" (new NotFoundError("Could not open the file at /tmp/rust_mozprofile3qCzCe/search.json.mozlz4", (void 0)))
DevTools listening on ws://127.0.0.1:45781/devtools/browser/45a9fd2e-933f-4b54-85d5-f2c046ee992e
JavaScript warning: https://stars.bilkent.edu.tr/homepage/js/dhtml-suite/js/separateFiles/dhtmlSuite-paneSplitter.js, line 54: unreachable code after return statement
1674904898191	Marionette	INFO	Stopped listening on port 42511
WARNING: A blocker encountered an error while we were waiting.
          Blocker:  Waiting for ping task
          Phase: TelemetryController: Waiting for pending ping activity
          State: (none)
WARNING: Error: Phase "profile-before-change" is finished, it is too late to register completion condition "OS.File: flush I/O queued before profileBeforeChange"
WARNING: addBlocker@resource://gre/modules/AsyncShutdown.jsm:718:15
addBlocker@resource://gre/modules/AsyncShutdown.jsm:523:26
addBlocker@resource://gre/modules/AsyncShutdown.jsm:462:15
setupShutdown@resource://gre/modules/osfile/osfile_async_front.jsm:1548:28
@resource://gre/modules/osfile/osfile_async_front.jsm:1568:16
@resource://gre/modules/osfile.jsm:12:30
@resource://gre/modules/TelemetryStorage.jsm:19:28
promiseArchivePing@resource://gre/modules/TelemetryArchive.jsm:103:5
promiseArchivePing@resource://gre/modules/TelemetryArchive.jsm:63:33
_submitPingLogic@resource://gre/modules/TelemetryControllerParent.jsm:540:48
send@resource://gre/modules/TelemetryControllerParent.jsm:628:24
submitExternalPing@resource://gre/modules/TelemetryControllerParent.jsm:182:17
sendPing@resource://gre/modules/EventPing.jsm:51:30
_submitPing@resource://gre/modules/EventPing.jsm:229:12
shutdown@resource://gre/modules/EventPing.jsm:112:10
_cleanupOnShutdown@resource://gre/modules/TelemetryControllerParent.jsm:940:31
shutdown/<@resource://gre/modules/TelemetryControllerParent.jsm:1010:24
observe@resource://gre/modules/AsyncShutdown.jsm:572:16

WARNING: A blocker encountered an error while we were waiting.
          Blocker:  Waiting for ping task
          Phase: TelemetryController: Waiting for pending ping activity
          State: (none)
WARNING: Error: Phase "profile-before-change" is finished, it is too late to register completion condition "OS.File: flush I/O queued before profileBeforeChange"
WARNING: addBlocker@resource://gre/modules/AsyncShutdown.jsm:718:15
addBlocker@resource://gre/modules/AsyncShutdown.jsm:523:26
addBlocker@resource://gre/modules/AsyncShutdown.jsm:462:15
setupShutdown@resource://gre/modules/osfile/osfile_async_front.jsm:1548:28
@resource://gre/modules/osfile/osfile_async_front.jsm:1568:16
@resource://gre/modules/osfile.jsm:12:30
@resource://gre/modules/TelemetryStorage.jsm:19:28
promiseArchivePing@resource://gre/modules/TelemetryArchive.jsm:103:5
promiseArchivePing@resource://gre/modules/TelemetryArchive.jsm:63:33
_submitPingLogic@resource://gre/modules/TelemetryControllerParent.jsm:540:48
send@resource://gre/modules/TelemetryControllerParent.jsm:628:24
submitExternalPing@resource://gre/modules/TelemetryControllerParent.jsm:182:17
saveShutdownPings@resource://gre/modules/TelemetrySession.jsm:982:34
shutdownChromeProcess/cleanup/<@resource://gre/modules/TelemetrySession.jsm:1232:20
cleanup@resource://gre/modules/TelemetrySession.jsm:1239:9
shutdownChromeProcess@resource://gre/modules/TelemetrySession.jsm:1256:14
shutdown@resource://gre/modules/TelemetrySession.jsm:247:17
_cleanupOnShutdown@resource://gre/modules/TelemetryControllerParent.jsm:959:35
observe@resource://gre/modules/AsyncShutdown.jsm:572:16

WARNING: A blocker encountered an error while we were waiting.
          Blocker:  Waiting for ping task
          Phase: TelemetryController: Waiting for pending ping activity
          State: (none)
WARNING: Error: Phase "profile-before-change" is finished, it is too late to register completion condition "OS.File: flush I/O queued before profileBeforeChange"
WARNING: addBlocker@resource://gre/modules/AsyncShutdown.jsm:718:15
addBlocker@resource://gre/modules/AsyncShutdown.jsm:523:26
addBlocker@resource://gre/modules/AsyncShutdown.jsm:462:15
setupShutdown@resource://gre/modules/osfile/osfile_async_front.jsm:1548:28
@resource://gre/modules/osfile/osfile_async_front.jsm:1568:16
@resource://gre/modules/osfile.jsm:12:30
@resource://gre/modules/TelemetryStorage.jsm:19:28
promiseArchivePing@resource://gre/modules/TelemetryArchive.jsm:103:5
promiseArchivePing@resource://gre/modules/TelemetryArchive.jsm:63:33
_submitPingLogic@resource://gre/modules/TelemetryControllerParent.jsm:540:48
send@resource://gre/modules/TelemetryControllerParent.jsm:628:24
submitExternalPing@resource://gre/modules/TelemetryControllerParent.jsm:182:17
saveShutdownPings@resource://gre/modules/TelemetrySession.jsm:1014:36
shutdownChromeProcess/cleanup/<@resource://gre/modules/TelemetrySession.jsm:1232:20
cleanup@resource://gre/modules/TelemetrySession.jsm:1239:9
shutdownChromeProcess@resource://gre/modules/TelemetrySession.jsm:1256:14
shutdown@resource://gre/modules/TelemetrySession.jsm:247:17
_cleanupOnShutdown@resource://gre/modules/TelemetryControllerParent.jsm:959:35
observe@resource://gre/modules/AsyncShutdown.jsm:572:16

WARNING: A blocker encountered an error while we were waiting.
          Blocker:  TelemetryController: shutting down
          Phase: profile-before-change-telemetry
          State: Error getting state: Error: Phase "profile-before-change" is finished, it is too late to register completion condition "OS.File: flush I/O queued before profileBeforeChange" at addBlocker@resource://gre/modules/AsyncShutdown.jsm:718:15
addBlocker@resource://gre/modules/AsyncShutdown.jsm:523:26
addBlocker@resource://gre/modules/AsyncShutdown.jsm:462:15
setupShutdown@resource://gre/modules/osfile/osfile_async_front.jsm:1548:28
@resource://gre/modules/osfile/osfile_async_front.jsm:1568:16
@resource://gre/modules/osfile.jsm:12:30
@resource://gre/modules/TelemetryStorage.jsm:19:28
getShutdownState@resource://gre/modules/TelemetrySend.jsm:1692:7
getShutdownState@resource://gre/modules/TelemetrySend.jsm:374:30
_getState@resource://gre/modules/TelemetryControllerParent.jsm:1058:38
setupTelemetry/<@resource://gre/modules/TelemetryControllerParent.jsm:917:18
safeGetState@resource://gre/modules/AsyncShutdown.jsm:254:17
Barrier/_internalAddBlocker/promise<@resource://gre/modules/AsyncShutdown.jsm:773:20
observe@resource://gre/modules/AsyncShutdown.jsm:572:16

WARNING: Error: Phase "profile-before-change" is finished, it is too late to register completion condition "OS.File: flush I/O queued before profileBeforeChange"
WARNING: addBlocker@resource://gre/modules/AsyncShutdown.jsm:718:15
addBlocker@resource://gre/modules/AsyncShutdown.jsm:523:26
addBlocker@resource://gre/modules/AsyncShutdown.jsm:462:15
setupShutdown@resource://gre/modules/osfile/osfile_async_front.jsm:1548:28
@resource://gre/modules/osfile/osfile_async_front.jsm:1568:16
@resource://gre/modules/osfile.jsm:12:30
@resource://gre/modules/TelemetryStorage.jsm:19:28
removeAbortedSessionPing@resource://gre/modules/TelemetryControllerParent.jsm:721:5
removeAbortedSessionPing@resource://gre/modules/TelemetryControllerParent.jsm:249:17
shutdownChromeProcess/cleanup/<@resource://gre/modules/TelemetrySession.jsm:1235:42
observe@resource://gre/modules/AsyncShutdown.jsm:572:16

JavaScript error: resource://gre/modules/AsyncShutdown.jsm, line 718: Error: Phase "profile-before-change" is finished, it is too late to register completion condition "OS.File: flush I/O queued before profileBeforeChange"
JavaScript error: resource://gre/modules/AsyncShutdown.jsm, line 718: Error: Phase "profile-before-change" is finished, it is too late to register completion condition "OS.File: flush I/O queued before profileBeforeChange"
JavaScript error: resource://gre/modules/AsyncShutdown.jsm, line 718: Error: Phase "profile-before-change" is finished, it is too late to register completion condition "OS.File: flush I/O queued before profileBeforeChange"
JavaScript error: resource://gre/modules/AsyncShutdown.jsm, line 718: Error: Phase "profile-before-change" is finished, it is too late to register completion condition "OS.File: flush I/O queued before profileBeforeChange"
JavaScript error: resource://gre/modules/AsyncShutdown.jsm, line 718: Error: Phase "profile-before-change" is finished, it is too late to register completion condition "OS.File: flush I/O queued before profileBeforeChange"
JavaScript error: resource://gre/modules/AsyncShutdown.jsm, line 718: Error: Phase "profile-before-change" is finished, it is too late to register completion condition "OS.File: flush I/O queued before profileBeforeChange"
1674904931152	geckodriver	INFO	Listening on 127.0.0.1:38565
1674904931210	mozrunner::runner	INFO	Running command: "/usr/bin/firefox" "--marionette" "-headless" "--remote-debugging-port" "45013" "-no-remote" "-profile" "/tmp/rust_mozprofileBKtMpr"
*** You are running in headless mode.
[GFX1-]: glxtest: VA-API test failed: failed to initialise VAAPI connection.
1674904931432	Marionette	INFO	Marionette enabled
1674904931433	Marionette	INFO	Listening on port 41297
WebDriver BiDi listening on ws://127.0.0.1:45013
1674904931576	RemoteAgent	WARN	TLS certificate errors will be ignored for this session
[GFX1-]: RenderCompositorSWGL failed mapping default framebuffer, no dt
console.warn: SearchSettings: "get: No settings file exists, new profile?" (new NotFoundError("Could not open the file at /tmp/rust_mozprofileBKtMpr/search.json.mozlz4", (void 0)))
DevTools listening on ws://127.0.0.1:45013/devtools/browser/a039e959-e84f-482d-96cc-a330950c0ee8
JavaScript warning: https://stars.bilkent.edu.tr/homepage/js/dhtml-suite/js/separateFiles/dhtmlSuite-paneSplitter.js, line 54: unreachable code after return statement
Exiting due to channel error.
Exiting due to channel error.
Exiting due to channel error.
1674904969084	geckodriver	INFO	Listening on 127.0.0.1:47341
1674904969142	mozrunner::runner	INFO	Running command: "/usr/bin/firefox" "--marionette" "-headless" "--remote-debugging-port" "57073" "-no-remote" "-profile" "/tmp/rust_mozprofileGCSOrP"
*** You are running in headless mode.
[GFX1-]: glxtest: VA-API test failed: failed to initialise VAAPI connection.
1674904969359	Marionette	INFO	Marionette enabled
1674904969361	Marionette	INFO	Listening on port 34657
WebDriver BiDi listening on ws://127.0.0.1:57073
1674904969503	RemoteAgent	WARN	TLS certificate errors will be ignored for this session
[GFX1-]: RenderCompositorSWGL failed mapping default framebuffer, no dt
console.warn: SearchSettings: "get: No settings file exists, new profile?" (new NotFoundError("Could not open the file at /tmp/rust_mozprofileGCSOrP/search.json.mozlz4", (void 0)))
DevTools listening on ws://127.0.0.1:57073/devtools/browser/b421fefd-7009-467c-a3bd-01726a806946
JavaScript warning: https://stars.bilkent.edu.tr/homepage/js/dhtml-suite/js/separateFiles/dhtmlSuite-paneSplitter.js, line 54: unreachable code after return statement
1674904991753	geckodriver	INFO	Listening on 127.0.0.1:47841
1674904991824	mozrunner::runner	INFO	Running command: "/usr/bin/firefox" "--marionette" "-headless" "--remote-debugging-port" "36503" "-no-remote" "-profile" "/tmp/rust_mozprofilebQxwPp"
*** You are running in headless mode.
[GFX1-]: glxtest: VA-API test failed: failed to initialise VAAPI connection.
1674904992039	Marionette	INFO	Marionette enabled
1674904992041	Marionette	INFO	Listening on port 38579
WebDriver BiDi listening on ws://127.0.0.1:36503
1674904992181	RemoteAgent	WARN	TLS certificate errors will be ignored for this session
[GFX1-]: RenderCompositorSWGL failed mapping default framebuffer, no dt
console.warn: SearchSettings: "get: No settings file exists, new profile?" (new NotFoundError("Could not open the file at /tmp/rust_mozprofilebQxwPp/search.json.mozlz4", (void 0)))
DevTools listening on ws://127.0.0.1:36503/devtools/browser/acdb748f-9202-49fd-a046-90fe139f1a0e
JavaScript warning: https://stars.bilkent.edu.tr/homepage/js/dhtml-suite/js/separateFiles/dhtmlSuite-paneSplitter.js, line 54: unreachable code after return statement
JavaScript warning: https://stars.bilkent.edu.tr/homepage/js/dhtml-suite/js/separateFiles/dhtmlSuite-paneSplitter.js, line 54: unreachable code after return statement
JavaScript warning: https://stars.bilkent.edu.tr/homepage/js/dhtml-suite/js/separateFiles/dhtmlSuite-paneSplitter.js, line 54: unreachable code after return statement
JavaScript warning: https://stars.bilkent.edu.tr/homepage/js/dhtml-suite/js/separateFiles/dhtmlSuite-paneSplitter.js, line 54: unreachable code after return statement
JavaScript warning: https://stars.bilkent.edu.tr/homepage/js/dhtml-suite/js/separateFiles/dhtmlSuite-paneSplitter.js, line 54: unreachable code after return statement
JavaScript warning: https://stars.bilkent.edu.tr/homepage/js/dhtml-suite/js/separateFiles/dhtmlSuite-paneSplitter.js, line 54: unreachable code after return statement
JavaScript warning: https://stars.bilkent.edu.tr/homepage/js/dhtml-suite/js/separateFiles/dhtmlSuite-paneSplitter.js, line 54: unreachable code after return statement
JavaScript warning: https://stars.bilkent.edu.tr/homepage/js/dhtml-suite/js/separateFiles/dhtmlSuite-paneSplitter.js, line 54: unreachable code after return statement
JavaScript warning: https://stars.bilkent.edu.tr/homepage/js/dhtml-suite/js/separateFiles/dhtmlSuite-paneSplitter.js, line 54: unreachable code after return statement
JavaScript warning: https://stars.bilkent.edu.tr/homepage/js/dhtml-suite/js/separateFiles/dhtmlSuite-paneSplitter.js, line 54: unreachable code after return statement
JavaScript warning: https://stars.bilkent.edu.tr/homepage/js/dhtml-suite/js/separateFiles/dhtmlSuite-paneSplitter.js, line 54: unreachable code after return statement
JavaScript warning: https://stars.bilkent.edu.tr/homepage/js/dhtml-suite/js/separateFiles/dhtmlSuite-paneSplitter.js, line 54: unreachable code after return statement
JavaScript warning: https://stars.bilkent.edu.tr/homepage/js/dhtml-suite/js/separateFiles/dhtmlSuite-paneSplitter.js, line 54: unreachable code after return statement
JavaScript warning: https://stars.bilkent.edu.tr/homepage/js/dhtml-suite/js/separateFiles/dhtmlSuite-paneSplitter.js, line 54: unreachable code after return statement
JavaScript warning: https://stars.bilkent.edu.tr/homepage/js/dhtml-suite/js/separateFiles/dhtmlSuite-paneSplitter.js, line 54: unreachable code after return statement
JavaScript warning: https://stars.bilkent.edu.tr/homepage/js/dhtml-suite/js/separateFiles/dhtmlSuite-paneSplitter.js, line 54: unreachable code after return statement
JavaScript warning: https://stars.bilkent.edu.tr/homepage/js/dhtml-suite/js/separateFiles/dhtmlSuite-paneSplitter.js, line 54: unreachable code after return statement
JavaScript warning: https://stars.bilkent.edu.tr/homepage/js/dhtml-suite/js/separateFiles/dhtmlSuite-paneSplitter.js, line 54: unreachable code after return statement
JavaScript warning: https://stars.bilkent.edu.tr/homepage/js/dhtml-suite/js/separateFiles/dhtmlSuite-paneSplitter.js, line 54: unreachable code after return statement
JavaScript warning: https://stars.bilkent.edu.tr/homepage/js/dhtml-suite/js/separateFiles/dhtmlSuite-paneSplitter.js, line 54: unreachable code after return statement
JavaScript warning: https://stars.bilkent.edu.tr/homepage/js/dhtml-suite/js/separateFiles/dhtmlSuite-paneSplitter.js, line 54: unreachable code after return statement
JavaScript warning: https://stars.bilkent.edu.tr/homepage/js/dhtml-suite/js/separateFiles/dhtmlSuite-paneSplitter.js, line 54: unreachable code after return statement
JavaScript warning: https://stars.bilkent.edu.tr/homepage/js/dhtml-suite/js/separateFiles/dhtmlSuite-paneSplitter.js, line 54: unreachable code after return statement
JavaScript warning: https://stars.bilkent.edu.tr/homepage/js/dhtml-suite/js/separateFiles/dhtmlSuite-paneSplitter.js, line 54: unreachable code after return statement
JavaScript warning: https://stars.bilkent.edu.tr/homepage/js/dhtml-suite/js/separateFiles/dhtmlSuite-paneSplitter.js, line 54: unreachable code after return statement
Exiting due to channel error.
Exiting due to channel error.
Exiting due to channel error.
Exiting due to channel error.
Exiting due to channel error.
Exiting due to channel error.
1674909597193	geckodriver	INFO	Listening on 127.0.0.1:39991
1674909597264	mozrunner::runner	INFO	Running command: "/usr/bin/firefox" "--marionette" "-headless" "--remote-debugging-port" "35159" "-no-remote" "-profile" "/tmp/rust_mozprofileYGZn9u"
*** You are running in headless mode.
[GFX1-]: glxtest: VA-API test failed: failed to initialise VAAPI connection.
1674909597486	Marionette	INFO	Marionette enabled
1674909597488	Marionette	INFO	Listening on port 45829
WebDriver BiDi listening on ws://127.0.0.1:35159
1674909597637	RemoteAgent	WARN	TLS certificate errors will be ignored for this session
[GFX1-]: RenderCompositorSWGL failed mapping default framebuffer, no dt
console.warn: SearchSettings: "get: No settings file exists, new profile?" (new NotFoundError("Could not open the file at /tmp/rust_mozprofileYGZn9u/search.json.mozlz4", (void 0)))
DevTools listening on ws://127.0.0.1:35159/devtools/browser/7870c4bc-0db4-4124-af7b-5aa0ccad1f3f
JavaScript warning: https://stars.bilkent.edu.tr/homepage/js/dhtml-suite/js/separateFiles/dhtmlSuite-paneSplitter.js, line 54: unreachable code after return statement
Exiting due to channel error.
Exiting due to channel error.
Exiting due to channel error.
1674909613224	geckodriver	INFO	Listening on 127.0.0.1:45655
1674909613283	mozrunner::runner	INFO	Running command: "/usr/bin/firefox" "--marionette" "-headless" "--remote-debugging-port" "45943" "-no-remote" "-profile" "/tmp/rust_mozprofileCuxlwi"
*** You are running in headless mode.
[GFX1-]: glxtest: VA-API test failed: failed to initialise VAAPI connection.
1674909613500	Marionette	INFO	Marionette enabled
1674909613502	Marionette	INFO	Listening on port 40869
WebDriver BiDi listening on ws://127.0.0.1:45943
1674909613646	RemoteAgent	WARN	TLS certificate errors will be ignored for this session
[GFX1-]: RenderCompositorSWGL failed mapping default framebuffer, no dt
console.warn: SearchSettings: "get: No settings file exists, new profile?" (new NotFoundError("Could not open the file at /tmp/rust_mozprofileCuxlwi/search.json.mozlz4", (void 0)))
DevTools listening on ws://127.0.0.1:45943/devtools/browser/d6bd3077-db57-4c33-8df5-3e0a74af5ed6
JavaScript warning: https://stars.bilkent.edu.tr/homepage/js/dhtml-suite/js/separateFiles/dhtmlSuite-paneSplitter.js, line 54: unreachable code after return statement
Exiting due to channel error.
Exiting due to channel error.
Exiting due to channel error.
1674925151030	geckodriver	INFO	Listening on 127.0.0.1:33153
1674925151089	mozrunner::runner	INFO	Running command: "/usr/bin/firefox" "--marionette" "-headless" "--remote-debugging-port" "38811" "-no-remote" "-profile" "/tmp/rust_mozprofileQ02ntm"
*** You are running in headless mode.
[GFX1-]: glxtest: VA-API test failed: failed to initialise VAAPI connection.
1674925151340	Marionette	INFO	Marionette enabled
1674925151342	Marionette	INFO	Listening on port 42507
WebDriver BiDi listening on ws://127.0.0.1:38811
1674925151472	RemoteAgent	WARN	TLS certificate errors will be ignored for this session
[GFX1-]: RenderCompositorSWGL failed mapping default framebuffer, no dt
console.warn: SearchSettings: "get: No settings file exists, new profile?" (new NotFoundError("Could not open the file at /tmp/rust_mozprofileQ02ntm/search.json.mozlz4", (void 0)))
DevTools listening on ws://127.0.0.1:38811/devtools/browser/9c3373e8-a2f3-4cf3-bbdb-dee3b4141f09
JavaScript warning: https://stars.bilkent.edu.tr/homepage/js/dhtml-suite/js/separateFiles/dhtmlSuite-paneSplitter.js, line 54: unreachable code after return statement
Exiting due to channel error.
Exiting due to channel error.
Exiting due to channel error.
1674925159285	geckodriver	INFO	Listening on 127.0.0.1:52263
1674925159341	mozrunner::runner	INFO	Running command: "/usr/bin/firefox" "--marionette" "-headless" "--remote-debugging-port" "32849" "-no-remote" "-profile" "/tmp/rust_mozprofileP2V0ga"
*** You are running in headless mode.
[GFX1-]: glxtest: VA-API test failed: failed to initialise VAAPI connection.
1674925159563	Marionette	INFO	Marionette enabled
1674925159565	Marionette	INFO	Listening on port 39229
WebDriver BiDi listening on ws://127.0.0.1:32849
1674925159711	RemoteAgent	WARN	TLS certificate errors will be ignored for this session
[GFX1-]: RenderCompositorSWGL failed mapping default framebuffer, no dt
console.warn: SearchSettings: "get: No settings file exists, new profile?" (new NotFoundError("Could not open the file at /tmp/rust_mozprofileP2V0ga/search.json.mozlz4", (void 0)))
DevTools listening on ws://127.0.0.1:32849/devtools/browser/0af6ac4f-f8d7-48ab-8e36-43b62ee81d82
JavaScript warning: https://stars.bilkent.edu.tr/homepage/js/dhtml-suite/js/separateFiles/dhtmlSuite-paneSplitter.js, line 54: unreachable code after return statement
Exiting due to channel error.
Exiting due to channel error.
Exiting due to channel error.
